<?xml version='1.0' encoding='UTF-8' ?>
<testsuites tests="83" failures="0" errors="0" skipped="0" time="0.000" timestamp="2026-09-18T12:46:13" hostname="localhost">
  <testsuite name="com.qingke.schedule.ScheduleAppDependenciesTest" tests="2" failures="0" errors="0" skipped="0" time="0.041" timestamp="2026-09-18T12:46:13" hostname="localhost">
    <properties>
      <property name="device" value="emulator-5556" />
    </properties>
    <testcase name="realRoomAndDataStoreCompositionRestoresJointStateAfterReopen" classname="com.qingke.schedule.ScheduleAppDependenciesTest" time="0.039" />
    <testcase name="manifestApplicationLazilyProvidesOneProductionDependencyContainer" classname="com.qingke.schedule.ScheduleAppDependenciesTest" time="0.002" />
  </testsuite>
  <testsuite name="com.qingke.schedule.persistence.RoomScheduleRepositoryTest" tests="16" failures="0" errors="0" skipped="0" time="0.141" timestamp="2026-09-18T12:46:13" hostname="localhost">
    <properties>
      <property name="device" value="emulator-5556" />
    </properties>
    <testcase name="deletingMissingCoursePreservesDataAndUpdatedAt" classname="com.qingke.schedule.persistence.RoomScheduleRepositoryTest" time="0.007" />
    <testcase name="deleteFirstDuplicateAndKeepsClockContract" classname="com.qingke.schedule.persistence.RoomScheduleRepositoryTest" time="0.004" />
    <testcase name="cancellationPropagatesFromReadAndRollsBackWrite" classname="com.qingke.schedule.persistence.RoomScheduleRepositoryTest" time="0.012" />
    <testcase name="invalidSemesterChangeAndMissingSemesterCourseKeepOldData" classname="com.qingke.schedule.persistence.RoomScheduleRepositoryTest" time="0.008" />
    <testcase name="saveSemesterKeepsReversedNumbersNewTimesAndCoursesAcrossReopen" classname="com.qingke.schedule.persistence.RoomScheduleRepositoryTest" time="0.013" />
    <testcase name="foreignKeyCascadeRemovesSchedulesWhenCourseRowIsDeleted" classname="com.qingke.schedule.persistence.RoomScheduleRepositoryTest" time="0.003" />
    <testcase name="saveSemesterPreservesCoursesAndUsesFixedClock" classname="com.qingke.schedule.persistence.RoomScheduleRepositoryTest" time="0.005" />
    <testcase name="preciseOperationsRejectBadIndexAndFingerprintAndRollbackInjectedWrite" classname="com.qingke.schedule.persistence.RoomScheduleRepositoryTest" time="0.014" />
    <testcase name="invalidWriteAndInjectedFailureRollBack" classname="com.qingke.schedule.persistence.RoomScheduleRepositoryTest" time="0.013" />
    <testcase name="schemaVersionForeignKeyAndBusinessIdSchemaAreStable" classname="com.qingke.schedule.persistence.RoomScheduleRepositoryTest" time="0.001" />
    <testcase name="saveCourseUpdatesFirstDuplicateKeepsPositionAndAppendsNewCourse" classname="com.qingke.schedule.persistence.RoomScheduleRepositoryTest" time="0.007" />
    <testcase name="emptyRoundTripOrderDuplicatesAndReopen" classname="com.qingke.schedule.persistence.RoomScheduleRepositoryTest" time="0.011" />
    <testcase name="preciseDuplicateIdSaveAndDeleteUseSourceIndexAndFingerprint" classname="com.qingke.schedule.persistence.RoomScheduleRepositoryTest" time="0.009" />
    <testcase name="invalidStoredAggregatesAreInconsistentAndNotCleared" classname="com.qingke.schedule.persistence.RoomScheduleRepositoryTest" time="0.011" />
    <testcase name="preciseDeleteFailureAndCancellationReopenOriginalData" classname="com.qingke.schedule.persistence.RoomScheduleRepositoryTest" time="0.015" />
    <testcase name="shorteningWeeksBeyondCourseRangeRollsBackWholeSemesterSave" classname="com.qingke.schedule.persistence.RoomScheduleRepositoryTest" time="0.008" />
  </testsuite>
  <testsuite name="com.qingke.schedule.preferences.DataStoreSchedulePreferencesRepositoryTest" tests="8" failures="0" errors="0" skipped="0" time="0.040" timestamp="2026-09-18T12:46:13" hostname="localhost">
    <properties>
      <property name="device" value="emulator-5556" />
    </properties>
    <testcase name="newStoreReadsCompleteDefaults" classname="com.qingke.schedule.preferences.DataStoreSchedulePreferencesRepositoryTest" time="0.001" />
    <testcase name="calendarRoundTripNormalizesDatesMakeupAndLunchBreak" classname="com.qingke.schedule.preferences.DataStoreSchedulePreferencesRepositoryTest" time="0.003" />
    <testcase name="concurrentUpdatesUseLatestCommittedPreferences" classname="com.qingke.schedule.preferences.DataStoreSchedulePreferencesRepositoryTest" time="0.005" />
    <testcase name="corruptFileRecoversDefaultsAndCanBeSavedAndReopened" classname="com.qingke.schedule.preferences.DataStoreSchedulePreferencesRepositoryTest" time="0.005" />
    <testcase name="writeFailureAndCancellationPropagateWithoutChangingStoredValue" classname="com.qingke.schedule.preferences.DataStoreSchedulePreferencesRepositoryTest" time="0.008" />
    <testcase name="missingNewFieldsUseDefaultsAndValidLunchTitleIsTrimmed" classname="com.qingke.schedule.preferences.DataStoreSchedulePreferencesRepositoryTest" time="0.003" />
    <testcase name="appearanceAndReminderRoundTripSanitizeUnknownAndLegacyFields" classname="com.qingke.schedule.preferences.DataStoreSchedulePreferencesRepositoryTest" time="0.009" />
    <testcase name="publicInvalidReminderLeadSaveAndUpdateKeepEnabledAfterReopen" classname="com.qingke.schedule.preferences.DataStoreSchedulePreferencesRepositoryTest" time="0.006" />
  </testsuite>
  <testsuite name="com.qingke.schedule.ui.P3R2ActivityRecreationTest" tests="3" failures="0" errors="0" skipped="0" time="8.719" timestamp="2026-09-18T12:46:13" hostname="localhost">
    <properties>
      <property name="device" value="emulator-5556" />
    </properties>
    <testcase name="activityRecreationKeepsCourseEditorRouteDraftColorDialogAndConfirmation" classname="com.qingke.schedule.ui.P3R2ActivityRecreationTest" time="1.797" />
    <testcase name="activityRecreationKeepsActivityViewModelDraftAndSelectedTab" classname="com.qingke.schedule.ui.P3R2ActivityRecreationTest" time="2.008" />
    <testcase name="todayClockTicksOnlyWhileStartedRefreshesImmediatelyAndKeepsOneActivityModelAfterRecreate" classname="com.qingke.schedule.ui.P3R2ActivityRecreationTest" time="4.914" />
  </testsuite>
  <testsuite name="com.qingke.schedule.ui.QingKeAppTest" tests="54" failures="0" errors="0" skipped="0" time="99.839" timestamp="2026-09-18T12:46:13" hostname="localhost">
    <properties>
      <property name="device" value="emulator-5556" />
    </properties>
    <testcase name="addAndDeleteUseCallbacksRenumberAndExposeNumberedDeleteSemantics" classname="com.qingke.schedule.ui.QingKeAppTest" time="1.314" />
    <testcase name="inlineCalendarChevronIsVisibleAndAccessibleAcrossThemesAndLargeFont" classname="com.qingke.schedule.ui.QingKeAppTest" time="1.137" />
    <testcase name="todayApi37ScreenshotsCoverLightDarkAndLargeFontTestHosts" classname="com.qingke.schedule.ui.QingKeAppTest" time="2.298" />
    <testcase name="terminalModalSurfaceDoesNotLeakAHighContrastBackdrop" classname="com.qingke.schedule.ui.QingKeAppTest" time="1.033" />
    <testcase name="todayPullToRefreshOnCoursesAndEmptyStateGatesReentryAndFinishesFeedback" classname="com.qingke.schedule.ui.QingKeAppTest" time="2.662" />
    <testcase name="todayAddAndChooserUseRealCallbacksAndStableSourceTags" classname="com.qingke.schedule.ui.QingKeAppTest" time="1.383" />
    <testcase name="inlineSemesterCalendarExpandsChangesMonthsAndReturnsControlledLeapDate" classname="com.qingke.schedule.ui.QingKeAppTest" time="1.390" />
    <testcase name="loadingFailureRetryAndReadyBranchesNeverRenderBlank" classname="com.qingke.schedule.ui.QingKeAppTest" time="1.175" />
    <testcase name="appendOverlayIsReadOnlyAndInFlightScheduleControlsAreDisabled" classname="com.qingke.schedule.ui.QingKeAppTest" time="1.002" />
    <testcase name="editorHeadersUseCourseCodesAndNumberedSections" classname="com.qingke.schedule.ui.QingKeAppTest" time="2.069" />
    <testcase name="mainShellTabsInvokeOneStateOwnerAndHaveAccessibleTargets" classname="com.qingke.schedule.ui.QingKeAppTest" time="1.121" />
    <testcase name="weekMatrixDrawsGridLinesAndShowsLunchBreakOnlyWhenEnabled" classname="com.qingke.schedule.ui.QingKeAppTest" time="1.239" />
    <testcase name="terminalEditorUsesIndependentBackdropSectionsSwatchesAndOneSaveEntry" classname="com.qingke.schedule.ui.QingKeAppTest" time="1.238" />
    <testcase name="settingsSuccessNoticeIsConsumedAfterDisplaying" classname="com.qingke.schedule.ui.QingKeAppTest" time="2.988" />
    <testcase name="validationErrorAndSaveFailureKeepFormAndDismissDialog" classname="com.qingke.schedule.ui.QingKeAppTest" time="1.219" />
    <testcase name="weekHeaderControlsAndSectionTitlesFollowIosStructure" classname="com.qingke.schedule.ui.QingKeAppTest" time="1.510" />
    <testcase name="weekScheduleRendersMatrixHeadersAndRoutesAddAndCourseSource" classname="com.qingke.schedule.ui.QingKeAppTest" time="1.830" />
    <testcase name="dialogsUseDedicatedOpaqueElevatedSurfaceAcrossThemesAndLargeFont" classname="com.qingke.schedule.ui.QingKeAppTest" time="2.385" />
    <testcase name="periodBoundariesDeleteAndSavingButtonsAreBehaviorallyDisabled" classname="com.qingke.schedule.ui.QingKeAppTest" time="1.966" />
    <testcase name="todayApi37MatrixShowsOrderedStatusesColorsDetailsFeaturedAndBottomTabs" classname="com.qingke.schedule.ui.QingKeAppTest" time="1.933" />
    <testcase name="todayAddEmptyCourseEntryAndEndMarkersUseTerminalAffordances" classname="com.qingke.schedule.ui.QingKeAppTest" time="1.547" />
    <testcase name="weekDateStripSelectionMovesSignalUnderlineAndManifestTitleDropsIsoDate" classname="com.qingke.schedule.ui.QingKeAppTest" time="1.587" />
    <testcase name="settingsPeriodsToggleAddRemoveAndTimePickerUseRealCallbacks" classname="com.qingke.schedule.ui.QingKeAppTest" time="2.965" />
    <testcase name="dangerFooterFollowsDeletePanelAndValidationUsesAcrylicDangerCard" classname="com.qingke.schedule.ui.QingKeAppTest" time="2.473" />
    <testcase name="settingsScreenEditsExistingSemesterAndBothSaveEntriesShareOnePath" classname="com.qingke.schedule.ui.QingKeAppTest" time="1.846" />
    <testcase name="onboardingDefaultsExpandAndUseMeaningfulControls" classname="com.qingke.schedule.ui.QingKeAppTest" time="1.537" />
    <testcase name="appendUsesOriginalScheduleOrdinalAndAllowsRemovingNewSchedule" classname="com.qingke.schedule.ui.QingKeAppTest" time="2.199" />
    <testcase name="successNoticeIsReadableAcrossThemesDoesNotBlockAddAndExpires" classname="com.qingke.schedule.ui.QingKeAppTest" time="3.339" />
    <testcase name="inlineSemesterCalendarRetainsLeapDayAcrossRecomposition" classname="com.qingke.schedule.ui.QingKeAppTest" time="1.307" />
    <testcase name="savedSemesterPeriodTimesFlowIntoTodayAndWeekImmediately" classname="com.qingke.schedule.ui.QingKeAppTest" time="1.956" />
    <testcase name="schedulePickerOpensMenuAndSelectsNonAdjacentDay" classname="com.qingke.schedule.ui.QingKeAppTest" time="1.884" />
    <testcase name="newestSuccessNoticeRestartsItsOwnTimer" classname="com.qingke.schedule.ui.QingKeAppTest" time="4.350" />
    <testcase name="chooserPlusSquareUsesThemeForegroundInsteadOfCyan" classname="com.qingke.schedule.ui.QingKeAppTest" time="2.166" />
    <testcase name="chooserProfileAndClosedPickersUseCompactIosAlignedStructureAcrossFontScales" classname="com.qingke.schedule.ui.QingKeAppTest" time="1.683" />
    <testcase name="nightLogoUsesReadableNonCyanForegroundVariant" classname="com.qingke.schedule.ui.QingKeAppTest" time="0.987" />
    <testcase name="editorBackToolbarAndDangerControlsInvokeTheirRealCallbacks" classname="com.qingke.schedule.ui.QingKeAppTest" time="1.310" />
    <testcase name="todayApi37MatrixSwitchesFeaturedAndReportsAllThreeEmptyStates" classname="com.qingke.schedule.ui.QingKeAppTest" time="1.160" />
    <testcase name="systemTimeDialogsConfirmNewValuesAndCancelLeavesExistingValues" classname="com.qingke.schedule.ui.QingKeAppTest" time="3.946" />
    <testcase name="logoResourcesUseIosSizedTrimmedCanvas" classname="com.qingke.schedule.ui.QingKeAppTest" time="0.666" />
    <testcase name="chooserAndConfirmationsUseTerminalSectionsAndCodes" classname="com.qingke.schedule.ui.QingKeAppTest" time="0.973" />
    <testcase name="savedSemesterPeriodTimesFlowIntoCourseEditorImmediately" classname="com.qingke.schedule.ui.QingKeAppTest" time="1.108" />
    <testcase name="touchTargetsAndTabSemanticsMeetTheContract" classname="com.qingke.schedule.ui.QingKeAppTest" time="2.388" />
    <testcase name="weekControlsRestoreAutoFollowAndManualBrowsingSurvivesClockRefresh" classname="com.qingke.schedule.ui.QingKeAppTest" time="1.950" />
    <testcase name="terminalTabsExposeCenteredIconTitleAndNumberGroups" classname="com.qingke.schedule.ui.QingKeAppTest" time="2.006" />
    <testcase name="todayPageUsesPresentationProgressAndStableOccurrenceTagsForDuplicateBusinessIds" classname="com.qingke.schedule.ui.QingKeAppTest" time="1.949" />
    <testcase name="todayApi37ScreenshotsCoverAllThreeEmptyStates" classname="com.qingke.schedule.ui.QingKeAppTest" time="1.610" />
    <testcase name="launcherForegroundUsesIndependentCoverArtworkAndAppLabel" classname="com.qingke.schedule.ui.QingKeAppTest" time="0.984" />
    <testcase name="editorCloseUsesVisibleInverseInkAcrossThemesAndLargeFont" classname="com.qingke.schedule.ui.QingKeAppTest" time="1.226" />
    <testcase name="r5TerminalColorModesDropdownsAndRepeatSelectorKeepOneEditorState" classname="com.qingke.schedule.ui.QingKeAppTest" time="4.788" />
    <testcase name="weekDayManifestOmitsIsoDateAndRoutesCourseClicks" classname="com.qingke.schedule.ui.QingKeAppTest" time="1.474" />
    <testcase name="weekControlsKeepAllTextVisibleAndSpacedAcrossFontScales" classname="com.qingke.schedule.ui.QingKeAppTest" time="1.294" />
    <testcase name="settingsPullToRefreshKeepsEditedDraftAndOnlyRefreshesTheClock" classname="com.qingke.schedule.ui.QingKeAppTest" time="1.882" />
    <testcase name="settingsSavingDisablesBothEntriesAndShowsValidationError" classname="com.qingke.schedule.ui.QingKeAppTest" time="2.320" />
    <testcase name="todayTypographyUsesCondensedIosEquivalentScaleAndFitsAtLargeFont" classname="com.qingke.schedule.ui.QingKeAppTest" time="2.087" />
  </testsuite>
</testsuites>
