<?xml version='1.0' encoding='UTF-8' ?>
<testsuites tests="74" failures="0" errors="0" skipped="0" time="0.000" timestamp="2026-09-18T10:32:05" hostname="localhost">
  <testsuite name="com.qingke.schedule.ScheduleAppDependenciesTest" tests="2" failures="0" errors="0" skipped="0" time="0.038" timestamp="2026-09-18T10:32:05" hostname="localhost">
    <properties>
      <property name="device" value="emulator-5556" />
    </properties>
    <testcase name="realRoomAndDataStoreCompositionRestoresJointStateAfterReopen" classname="com.qingke.schedule.ScheduleAppDependenciesTest" time="0.037" />
    <testcase name="manifestApplicationLazilyProvidesOneProductionDependencyContainer" classname="com.qingke.schedule.ScheduleAppDependenciesTest" time="0.001" />
  </testsuite>
  <testsuite name="com.qingke.schedule.persistence.RoomScheduleRepositoryTest" tests="14" failures="0" errors="0" skipped="0" time="0.112" timestamp="2026-09-18T10:32:05" hostname="localhost">
    <properties>
      <property name="device" value="emulator-5556" />
    </properties>
    <testcase name="deletingMissingCoursePreservesDataAndUpdatedAt" classname="com.qingke.schedule.persistence.RoomScheduleRepositoryTest" time="0.006" />
    <testcase name="deleteFirstDuplicateAndKeepsClockContract" classname="com.qingke.schedule.persistence.RoomScheduleRepositoryTest" time="0.005" />
    <testcase name="cancellationPropagatesFromReadAndRollsBackWrite" classname="com.qingke.schedule.persistence.RoomScheduleRepositoryTest" time="0.011" />
    <testcase name="invalidSemesterChangeAndMissingSemesterCourseKeepOldData" classname="com.qingke.schedule.persistence.RoomScheduleRepositoryTest" time="0.008" />
    <testcase name="foreignKeyCascadeRemovesSchedulesWhenCourseRowIsDeleted" classname="com.qingke.schedule.persistence.RoomScheduleRepositoryTest" time="0.003" />
    <testcase name="saveSemesterPreservesCoursesAndUsesFixedClock" classname="com.qingke.schedule.persistence.RoomScheduleRepositoryTest" time="0.005" />
    <testcase name="preciseOperationsRejectBadIndexAndFingerprintAndRollbackInjectedWrite" classname="com.qingke.schedule.persistence.RoomScheduleRepositoryTest" time="0.012" />
    <testcase name="invalidWriteAndInjectedFailureRollBack" classname="com.qingke.schedule.persistence.RoomScheduleRepositoryTest" time="0.012" />
    <testcase name="schemaVersionForeignKeyAndBusinessIdSchemaAreStable" classname="com.qingke.schedule.persistence.RoomScheduleRepositoryTest" time="0.002" />
    <testcase name="saveCourseUpdatesFirstDuplicateKeepsPositionAndAppendsNewCourse" classname="com.qingke.schedule.persistence.RoomScheduleRepositoryTest" time="0.006" />
    <testcase name="emptyRoundTripOrderDuplicatesAndReopen" classname="com.qingke.schedule.persistence.RoomScheduleRepositoryTest" time="0.010" />
    <testcase name="preciseDuplicateIdSaveAndDeleteUseSourceIndexAndFingerprint" classname="com.qingke.schedule.persistence.RoomScheduleRepositoryTest" time="0.008" />
    <testcase name="invalidStoredAggregatesAreInconsistentAndNotCleared" classname="com.qingke.schedule.persistence.RoomScheduleRepositoryTest" time="0.011" />
    <testcase name="preciseDeleteFailureAndCancellationReopenOriginalData" classname="com.qingke.schedule.persistence.RoomScheduleRepositoryTest" time="0.013" />
  </testsuite>
  <testsuite name="com.qingke.schedule.preferences.DataStoreSchedulePreferencesRepositoryTest" tests="8" failures="0" errors="0" skipped="0" time="0.042" timestamp="2026-09-18T10:32:05" hostname="localhost">
    <properties>
      <property name="device" value="emulator-5556" />
    </properties>
    <testcase name="newStoreReadsCompleteDefaults" classname="com.qingke.schedule.preferences.DataStoreSchedulePreferencesRepositoryTest" time="0.001" />
    <testcase name="calendarRoundTripNormalizesDatesMakeupAndLunchBreak" classname="com.qingke.schedule.preferences.DataStoreSchedulePreferencesRepositoryTest" time="0.004" />
    <testcase name="concurrentUpdatesUseLatestCommittedPreferences" classname="com.qingke.schedule.preferences.DataStoreSchedulePreferencesRepositoryTest" time="0.005" />
    <testcase name="corruptFileRecoversDefaultsAndCanBeSavedAndReopened" classname="com.qingke.schedule.preferences.DataStoreSchedulePreferencesRepositoryTest" time="0.004" />
    <testcase name="writeFailureAndCancellationPropagateWithoutChangingStoredValue" classname="com.qingke.schedule.preferences.DataStoreSchedulePreferencesRepositoryTest" time="0.009" />
    <testcase name="missingNewFieldsUseDefaultsAndValidLunchTitleIsTrimmed" classname="com.qingke.schedule.preferences.DataStoreSchedulePreferencesRepositoryTest" time="0.002" />
    <testcase name="appearanceAndReminderRoundTripSanitizeUnknownAndLegacyFields" classname="com.qingke.schedule.preferences.DataStoreSchedulePreferencesRepositoryTest" time="0.010" />
    <testcase name="publicInvalidReminderLeadSaveAndUpdateKeepEnabledAfterReopen" classname="com.qingke.schedule.preferences.DataStoreSchedulePreferencesRepositoryTest" time="0.007" />
  </testsuite>
  <testsuite name="com.qingke.schedule.ui.P3R2ActivityRecreationTest" tests="3" failures="0" errors="0" skipped="0" time="9.515" timestamp="2026-09-18T10:32:05" hostname="localhost">
    <properties>
      <property name="device" value="emulator-5556" />
    </properties>
    <testcase name="activityRecreationKeepsCourseEditorRouteDraftColorDialogAndConfirmation" classname="com.qingke.schedule.ui.P3R2ActivityRecreationTest" time="1.613" />
    <testcase name="activityRecreationKeepsActivityViewModelDraftAndSelectedTab" classname="com.qingke.schedule.ui.P3R2ActivityRecreationTest" time="3.005" />
    <testcase name="todayClockTicksOnlyWhileStartedRefreshesImmediatelyAndKeepsOneActivityModelAfterRecreate" classname="com.qingke.schedule.ui.P3R2ActivityRecreationTest" time="4.897" />
  </testsuite>
  <testsuite name="com.qingke.schedule.ui.QingKeAppTest" tests="47" failures="0" errors="0" skipped="0" time="91.908" timestamp="2026-09-18T10:32:05" hostname="localhost">
    <properties>
      <property name="device" value="emulator-5556" />
    </properties>
    <testcase name="addAndDeleteUseCallbacksRenumberAndExposeNumberedDeleteSemantics" classname="com.qingke.schedule.ui.QingKeAppTest" time="1.759" />
    <testcase name="inlineCalendarChevronIsVisibleAndAccessibleAcrossThemesAndLargeFont" classname="com.qingke.schedule.ui.QingKeAppTest" time="1.410" />
    <testcase name="todayApi37ScreenshotsCoverLightDarkAndLargeFontTestHosts" classname="com.qingke.schedule.ui.QingKeAppTest" time="3.253" />
    <testcase name="terminalModalSurfaceDoesNotLeakAHighContrastBackdrop" classname="com.qingke.schedule.ui.QingKeAppTest" time="1.941" />
    <testcase name="todayPullToRefreshOnCoursesAndEmptyStateGatesReentryAndFinishesFeedback" classname="com.qingke.schedule.ui.QingKeAppTest" time="2.764" />
    <testcase name="todayAddAndChooserUseRealCallbacksAndStableSourceTags" classname="com.qingke.schedule.ui.QingKeAppTest" time="1.498" />
    <testcase name="inlineSemesterCalendarExpandsChangesMonthsAndReturnsControlledLeapDate" classname="com.qingke.schedule.ui.QingKeAppTest" time="1.326" />
    <testcase name="loadingFailureRetryAndReadyBranchesNeverRenderBlank" classname="com.qingke.schedule.ui.QingKeAppTest" time="2.240" />
    <testcase name="appendOverlayIsReadOnlyAndInFlightScheduleControlsAreDisabled" classname="com.qingke.schedule.ui.QingKeAppTest" time="2.060" />
    <testcase name="editorHeadersUseCourseCodesAndNumberedSections" classname="com.qingke.schedule.ui.QingKeAppTest" time="2.092" />
    <testcase name="mainShellTabsInvokeOneStateOwnerAndHaveAccessibleTargets" classname="com.qingke.schedule.ui.QingKeAppTest" time="1.416" />
    <testcase name="weekMatrixDrawsGridLinesAndShowsLunchBreakOnlyWhenEnabled" classname="com.qingke.schedule.ui.QingKeAppTest" time="2.144" />
    <testcase name="terminalEditorUsesIndependentBackdropSectionsSwatchesAndOneSaveEntry" classname="com.qingke.schedule.ui.QingKeAppTest" time="1.127" />
    <testcase name="validationErrorAndSaveFailureKeepFormAndDismissDialog" classname="com.qingke.schedule.ui.QingKeAppTest" time="1.187" />
    <testcase name="weekHeaderControlsAndSectionTitlesFollowIosStructure" classname="com.qingke.schedule.ui.QingKeAppTest" time="1.718" />
    <testcase name="weekScheduleRendersMatrixHeadersAndRoutesAddAndCourseSource" classname="com.qingke.schedule.ui.QingKeAppTest" time="1.905" />
    <testcase name="dialogsUseDedicatedOpaqueElevatedSurfaceAcrossThemesAndLargeFont" classname="com.qingke.schedule.ui.QingKeAppTest" time="2.409" />
    <testcase name="periodBoundariesDeleteAndSavingButtonsAreBehaviorallyDisabled" classname="com.qingke.schedule.ui.QingKeAppTest" time="0.954" />
    <testcase name="todayApi37MatrixShowsOrderedStatusesColorsDetailsFeaturedAndBottomTabs" classname="com.qingke.schedule.ui.QingKeAppTest" time="1.778" />
    <testcase name="todayAddEmptyCourseEntryAndEndMarkersUseTerminalAffordances" classname="com.qingke.schedule.ui.QingKeAppTest" time="1.330" />
    <testcase name="weekDateStripSelectionMovesSignalUnderlineAndManifestTitleDropsIsoDate" classname="com.qingke.schedule.ui.QingKeAppTest" time="1.635" />
    <testcase name="dangerFooterFollowsDeletePanelAndValidationUsesAcrylicDangerCard" classname="com.qingke.schedule.ui.QingKeAppTest" time="2.438" />
    <testcase name="onboardingDefaultsExpandAndUseMeaningfulControls" classname="com.qingke.schedule.ui.QingKeAppTest" time="1.404" />
    <testcase name="appendUsesOriginalScheduleOrdinalAndAllowsRemovingNewSchedule" classname="com.qingke.schedule.ui.QingKeAppTest" time="2.274" />
    <testcase name="successNoticeIsReadableAcrossThemesDoesNotBlockAddAndExpires" classname="com.qingke.schedule.ui.QingKeAppTest" time="3.435" />
    <testcase name="inlineSemesterCalendarRetainsLeapDayAcrossRecomposition" classname="com.qingke.schedule.ui.QingKeAppTest" time="1.204" />
    <testcase name="schedulePickerOpensMenuAndSelectsNonAdjacentDay" classname="com.qingke.schedule.ui.QingKeAppTest" time="1.777" />
    <testcase name="newestSuccessNoticeRestartsItsOwnTimer" classname="com.qingke.schedule.ui.QingKeAppTest" time="4.647" />
    <testcase name="chooserPlusSquareUsesThemeForegroundInsteadOfCyan" classname="com.qingke.schedule.ui.QingKeAppTest" time="1.123" />
    <testcase name="chooserProfileAndClosedPickersUseCompactIosAlignedStructureAcrossFontScales" classname="com.qingke.schedule.ui.QingKeAppTest" time="1.841" />
    <testcase name="nightLogoUsesReadableNonCyanForegroundVariant" classname="com.qingke.schedule.ui.QingKeAppTest" time="1.018" />
    <testcase name="editorBackToolbarAndDangerControlsInvokeTheirRealCallbacks" classname="com.qingke.schedule.ui.QingKeAppTest" time="1.362" />
    <testcase name="todayApi37MatrixSwitchesFeaturedAndReportsAllThreeEmptyStates" classname="com.qingke.schedule.ui.QingKeAppTest" time="1.522" />
    <testcase name="systemTimeDialogsConfirmNewValuesAndCancelLeavesExistingValues" classname="com.qingke.schedule.ui.QingKeAppTest" time="5.220" />
    <testcase name="logoResourcesUseIosSizedTrimmedCanvas" classname="com.qingke.schedule.ui.QingKeAppTest" time="0.876" />
    <testcase name="chooserAndConfirmationsUseTerminalSectionsAndCodes" classname="com.qingke.schedule.ui.QingKeAppTest" time="1.471" />
    <testcase name="touchTargetsAndTabSemanticsMeetTheContract" classname="com.qingke.schedule.ui.QingKeAppTest" time="1.577" />
    <testcase name="weekControlsRestoreAutoFollowAndManualBrowsingSurvivesClockRefresh" classname="com.qingke.schedule.ui.QingKeAppTest" time="2.619" />
    <testcase name="terminalTabsExposeCenteredIconTitleAndNumberGroups" classname="com.qingke.schedule.ui.QingKeAppTest" time="1.146" />
    <testcase name="todayPageUsesPresentationProgressAndStableOccurrenceTagsForDuplicateBusinessIds" classname="com.qingke.schedule.ui.QingKeAppTest" time="1.345" />
    <testcase name="todayApi37ScreenshotsCoverAllThreeEmptyStates" classname="com.qingke.schedule.ui.QingKeAppTest" time="1.911" />
    <testcase name="launcherForegroundUsesIndependentCoverArtworkAndAppLabel" classname="com.qingke.schedule.ui.QingKeAppTest" time="1.134" />
    <testcase name="editorCloseUsesVisibleInverseInkAcrossThemesAndLargeFont" classname="com.qingke.schedule.ui.QingKeAppTest" time="1.474" />
    <testcase name="r5TerminalColorModesDropdownsAndRepeatSelectorKeepOneEditorState" classname="com.qingke.schedule.ui.QingKeAppTest" time="6.343" />
    <testcase name="weekDayManifestOmitsIsoDateAndRoutesCourseClicks" classname="com.qingke.schedule.ui.QingKeAppTest" time="1.956" />
    <testcase name="weekControlsKeepAllTextVisibleAndSpacedAcrossFontScales" classname="com.qingke.schedule.ui.QingKeAppTest" time="1.462" />
    <testcase name="todayTypographyUsesCondensedIosEquivalentScaleAndFitsAtLargeFont" classname="com.qingke.schedule.ui.QingKeAppTest" time="1.383" />
  </testsuite>
</testsuites>
